0 info it worked if it ends with ok
1 verbose cli [ '/usr/local/bin/node',
1 verbose cli   '/usr/local/bin/npm',
1 verbose cli   'install',
1 verbose cli   'grunt-contrib-jsdoc' ]
2 info using npm@1.2.25
3 info using node@v0.10.10
4 verbose read json /var/projects/jdoc/package.json
5 warn package.json jDoc@0.1.0 No repository field.
6 verbose read json /var/projects/jdoc/node_modules/express/package.json
7 verbose read json /var/projects/jdoc/node_modules/grunt/package.json
8 verbose read json /var/projects/jdoc/node_modules/grunt-contrib-clean/package.json
9 verbose read json /var/projects/jdoc/node_modules/grunt-contrib-concat/package.json
10 verbose read json /var/projects/jdoc/node_modules/grunt-contrib-jshint/package.json
11 verbose read json /var/projects/jdoc/node_modules/grunt-contrib-less/package.json
12 verbose read json /var/projects/jdoc/node_modules/grunt-contrib-qunit/package.json
13 verbose read json /var/projects/jdoc/node_modules/grunt-contrib-uglify/package.json
14 verbose read json /var/projects/jdoc/node_modules/grunt-contrib-watch/package.json
15 verbose read json /var/projects/jdoc/node_modules/grunt-jsdoc/package.json
16 verbose read json /var/projects/jdoc/node_modules/grunt-templates-concat/package.json
17 verbose from cache /var/projects/jdoc/package.json
18 verbose readDependencies using package.json deps
19 verbose cache add [ 'grunt-contrib-jsdoc', null ]
20 verbose cache add name=undefined spec="grunt-contrib-jsdoc" args=["grunt-contrib-jsdoc",null]
21 verbose parsed url { protocol: null,
21 verbose parsed url   slashes: null,
21 verbose parsed url   auth: null,
21 verbose parsed url   host: null,
21 verbose parsed url   port: null,
21 verbose parsed url   hostname: null,
21 verbose parsed url   hash: null,
21 verbose parsed url   search: null,
21 verbose parsed url   query: null,
21 verbose parsed url   pathname: 'grunt-contrib-jsdoc',
21 verbose parsed url   path: 'grunt-contrib-jsdoc',
21 verbose parsed url   href: 'grunt-contrib-jsdoc' }
22 silly lockFile cb2d04e4-grunt-contrib-jsdoc grunt-contrib-jsdoc
23 verbose lock grunt-contrib-jsdoc /home/denis/.npm/cb2d04e4-grunt-contrib-jsdoc.lock
24 silly lockFile cb2d04e4-grunt-contrib-jsdoc grunt-contrib-jsdoc
25 silly lockFile cb2d04e4-grunt-contrib-jsdoc grunt-contrib-jsdoc
26 verbose addNamed [ 'grunt-contrib-jsdoc', '' ]
27 verbose addNamed [ null, '' ]
28 silly lockFile 0d47034e-grunt-contrib-jsdoc grunt-contrib-jsdoc@
29 verbose lock grunt-contrib-jsdoc@ /home/denis/.npm/0d47034e-grunt-contrib-jsdoc.lock
30 silly addNameRange { name: 'grunt-contrib-jsdoc', range: '', hasData: false }
31 verbose url raw grunt-contrib-jsdoc
32 verbose url resolving [ 'https://registry.npmjs.org/', './grunt-contrib-jsdoc' ]
33 verbose url resolved https://registry.npmjs.org/grunt-contrib-jsdoc
34 info trying registry request attempt 1 at 09:56:56
35 http GET https://registry.npmjs.org/grunt-contrib-jsdoc
36 http 404 https://registry.npmjs.org/grunt-contrib-jsdoc
37 silly registry.get cb [ 404,
37 silly registry.get   { server: 'CouchDB/1.3.0 (Erlang OTP/R15B03)',
37 silly registry.get     date: 'Fri, 26 Jul 2013 06:56:57 GMT',
37 silly registry.get     'content-type': 'application/json',
37 silly registry.get     'content-length': '52',
37 silly registry.get     'cache-control': 'must-revalidate' } ]
38 silly lockFile 0d47034e-grunt-contrib-jsdoc grunt-contrib-jsdoc@
39 silly lockFile 0d47034e-grunt-contrib-jsdoc grunt-contrib-jsdoc@
40 error 404 'grunt-contrib-jsdoc' is not in the npm registry.
40 error 404 You should bug the author to publish it
40 error 404
40 error 404 Note that you can also install from a
40 error 404 tarball, folder, or http url, or git url.
41 error System Linux 3.8.0-26-generic
42 error command "/usr/local/bin/node" "/usr/local/bin/npm" "install" "grunt-contrib-jsdoc"
43 error cwd /var/projects/jdoc
44 error node -v v0.10.10
45 error npm -v 1.2.25
46 error code E404
47 verbose exit [ 1, true ]
